This is XeTeX, Version 3.141592653-2.6-0.999997 (TeX Live 2025) (preloaded format=xelatex 2025.10.28)  23 FEB 2026 15:42
entering extended mode
 restricted \write18 enabled.
 file:line:error style messages enabled.
 %&-line parsing enabled.
**main
(./main.tex
LaTeX2e <2024-11-01> patch level 2
L3 programming layer <2025-01-18>
(./USTSthesis.cls
Document Class: USTSthesis 2026/02/23 苏州科技大学本科生毕业设计模板 v1.0.0
(d:/Program Files/texlive/2025/texmf-dist/tex/latex/ctex/ctexbook.cls (d:/Program Files/texlive/2025/texmf-dist/tex/latex/ctex/config/ctexbackend.cfg
File: ctexbackend.cfg 2022/07/14 v2.5.10 Backend configuration file (CTEX)
) (d:/Program Files/texlive/2025/texmf-dist/tex/latex/l3kernel/expl3.sty
Package: expl3 2025-01-18 L3 programming layer (loader) 
 (d:/Program Files/texlive/2025/texmf-dist/tex/latex/l3backend/l3backend-xetex.def
File: l3backend-xetex.def 2024-05-08 L3 backend support: XeTeX
\g__graphics_track_int=\count192
\l__pdf_internal_box=\box52
\g__pdf_backend_annotation_int=\count193
\g__pdf_backend_link_int=\count194
))
Document Class: ctexbook 2022/07/14 v2.5.10 Chinese adapter for class book (CTEX)
(d:/Program Files/texlive/2025/texmf-dist/tex/latex/ctex/ctexhook.sty
Package: ctexhook 2022/07/14 v2.5.10 Document and package hooks (CTEX)
) (d:/Program Files/texlive/2025/texmf-dist/tex/latex/ctex/ctexpatch.sty
Package: ctexpatch 2022/07/14 v2.5.10 Patching commands (CTEX)
) (d:/Program Files/texlive/2025/texmf-dist/tex/latex/base/fix-cm.sty
Package: fix-cm 2020/11/24 v1.1t fixes to LaTeX
 (d:/Program Files/texlive/2025/texmf-dist/tex/latex/base/ts1enc.def
File: ts1enc.def 2001/06/05 v3.0e (jk/car/fm) Standard LaTeX file
LaTeX Font Info:    Redeclaring font encoding TS1 on input line 47.
))
\l__ctex_tmp_int=\count195
\l__ctex_tmp_box=\box53
\l__ctex_tmp_dim=\dimen141
\g__ctex_section_depth_int=\count196
\g__ctex_font_size_int=\count197
 (d:/Program Files/texlive/2025/texmf-dist/tex/latex/ctex/config/ctexopts.cfg
File: ctexopts.cfg 2022/07/14 v2.5.10 Option configuration file (CTEX)
) (d:/Program Files/texlive/2025/texmf-dist/tex/latex/base/book.cls
Document Class: book 2024/06/29 v1.4n Standard LaTeX document class
(d:/Program Files/texlive/2025/texmf-dist/tex/latex/base/bk12.clo
File: bk12.clo 2024/06/29 v1.4n Standard LaTeX file (size option)
)
\c@part=\count198
\c@chapter=\count199
\c@section=\count266
\c@subsection=\count267
\c@subsubsection=\count268
\c@paragraph=\count269
\c@subparagraph=\count270
\c@figure=\count271
\c@table=\count272
\abovecaptionskip=\skip49
\belowcaptionskip=\skip50
\bibindent=\dimen142
) (d:/Program Files/texlive/2025/texmf-dist/tex/latex/ctex/engine/ctex-engine-xetex.def
File: ctex-engine-xetex.def 2022/07/14 v2.5.10 XeLaTeX adapter (CTEX)
 (d:/Program Files/texlive/2025/texmf-dist/tex/xelatex/xecjk/xeCJK.sty
Package: xeCJK 2022/08/05 v3.9.1 Typesetting CJK scripts with XeLaTeX
 (d:/Program Files/texlive/2025/texmf-dist/tex/latex/l3packages/xtemplate/xtemplate.sty
Package: xtemplate 2024-08-16 L3 Experimental prototype document functions
)
\l__xeCJK_tmp_int=\count273
\l__xeCJK_tmp_box=\box54
\l__xeCJK_tmp_dim=\dimen143
\l__xeCJK_tmp_skip=\skip51
\g__xeCJK_space_factor_int=\count274
\l__xeCJK_begin_int=\count275
\l__xeCJK_end_int=\count276
\c__xeCJK_CJK_class_int=\XeTeXcharclass1
\c__xeCJK_FullLeft_class_int=\XeTeXcharclass2
\c__xeCJK_FullRight_class_int=\XeTeXcharclass3
\c__xeCJK_HalfLeft_class_int=\XeTeXcharclass4
\c__xeCJK_HalfRight_class_int=\XeTeXcharclass5
\c__xeCJK_NormalSpace_class_int=\XeTeXcharclass6
\c__xeCJK_CM_class_int=\XeTeXcharclass7
\c__xeCJK_HangulJamo_class_int=\XeTeXcharclass8
\l__xeCJK_last_skip=\skip52
\c__xeCJK_none_node=\count277
\g__xeCJK_node_int=\count278
\c__xeCJK_CJK_node_dim=\dimen144
\c__xeCJK_CJK-space_node_dim=\dimen145
\c__xeCJK_default_node_dim=\dimen146
\c__xeCJK_CJK-widow_node_dim=\dimen147
\c__xeCJK_normalspace_node_dim=\dimen148
\c__xeCJK_default-space_node_skip=\skip53
\l__xeCJK_ccglue_skip=\skip54
\l__xeCJK_ecglue_skip=\skip55
\l__xeCJK_punct_kern_skip=\skip56
\l__xeCJK_indent_box=\box55
\l__xeCJK_last_penalty_int=\count279
\l__xeCJK_last_bound_dim=\dimen149
\l__xeCJK_last_kern_dim=\dimen150
\l__xeCJK_widow_penalty_int=\count280

LaTeX template Info: Declaring template type 'xeCJK/punctuation' taking 0
(template)           argument(s) on line 2396.

\l__xeCJK_fixed_punct_width_dim=\dimen151
\l__xeCJK_mixed_punct_width_dim=\dimen152
\l__xeCJK_middle_punct_width_dim=\dimen153
\l__xeCJK_fixed_margin_width_dim=\dimen154
\l__xeCJK_mixed_margin_width_dim=\dimen155
\l__xeCJK_middle_margin_width_dim=\dimen156
\l__xeCJK_bound_punct_width_dim=\dimen157
\l__xeCJK_bound_margin_width_dim=\dimen158
\l__xeCJK_margin_minimum_dim=\dimen159
\l__xeCJK_kerning_total_width_dim=\dimen160
\l__xeCJK_same_align_margin_dim=\dimen161
\l__xeCJK_different_align_margin_dim=\dimen162
\l__xeCJK_kerning_margin_width_dim=\dimen163
\l__xeCJK_kerning_margin_minimum_dim=\dimen164
\l__xeCJK_bound_dim=\dimen165
\l__xeCJK_reverse_bound_dim=\dimen166
\l__xeCJK_margin_dim=\dimen167
\l__xeCJK_minimum_bound_dim=\dimen168
\l__xeCJK_kerning_margin_dim=\dimen169
\g__xeCJK_family_int=\count281
\l__xeCJK_fam_int=\count282
\g__xeCJK_fam_allocation_int=\count283
\l__xeCJK_verb_case_int=\count284
\l__xeCJK_verb_exspace_skip=\skip57
 (d:/Program Files/texlive/2025/texmf-dist/tex/latex/fontspec/fontspec.sty (d:/Program Files/texlive/2025/texmf-dist/tex/latex/l3packages/xparse/xparse.sty
Package: xparse 2024-08-16 L3 Experimental document command parser
)
Package: fontspec 2024/05/11 v2.9e Font selection for XeLaTeX and LuaLaTeX
 (d:/Program Files/texlive/2025/texmf-dist/tex/latex/fontspec/fontspec-xetex.sty
Package: fontspec-xetex 2024/05/11 v2.9e Font selection for XeLaTeX and LuaLaTeX
\l__fontspec_script_int=\count285
\l__fontspec_language_int=\count286
\l__fontspec_strnum_int=\count287
\l__fontspec_tmp_int=\count288
\l__fontspec_tmpa_int=\count289
\l__fontspec_tmpb_int=\count290
\l__fontspec_tmpc_int=\count291
\l__fontspec_em_int=\count292
\l__fontspec_emdef_int=\count293
\l__fontspec_strong_int=\count294
\l__fontspec_strongdef_int=\count295
\l__fontspec_tmpa_dim=\dimen170
\l__fontspec_tmpb_dim=\dimen171
\l__fontspec_tmpc_dim=\dimen172
 (d:/Program Files/texlive/2025/texmf-dist/tex/latex/base/fontenc.sty
Package: fontenc 2021/04/29 v2.0v Standard LaTeX package
) (d:/Program Files/texlive/2025/texmf-dist/tex/latex/fontspec/fontspec.cfg))) (d:/Program Files/texlive/2025/texmf-dist/tex/xelatex/xecjk/xeCJK.cfg
File: xeCJK.cfg 2022/08/05 v3.9.1 Configuration file for xeCJK package
))
\ccwd=\dimen173
\l__ctex_ccglue_skip=\skip58
)
\l__ctex_ziju_dim=\dimen174
 (d:/Program Files/texlive/2025/texmf-dist/tex/latex/zhnumber/zhnumber.sty
Package: zhnumber 2022/07/14 v3.0 Typesetting numbers with Chinese glyphs
\l__zhnum_scale_int=\count296
\l__zhnum_tmp_int=\count297
 (d:/Program Files/texlive/2025/texmf-dist/tex/latex/zhnumber/zhnumber-utf8.cfg
File: zhnumber-utf8.cfg 2022/07/14 v3.0 Chinese numerals with UTF8 encoding
))
\l__ctex_heading_skip=\skip59
 (d:/Program Files/texlive/2025/texmf-dist/tex/latex/ctex/scheme/ctex-scheme-chinese-book.def
File: ctex-scheme-chinese-book.def 2022/07/14 v2.5.10 Chinese scheme for book (CTEX)
 (d:/Program Files/texlive/2025/texmf-dist/tex/latex/ctex/config/ctex-name-utf8.cfg
File: ctex-name-utf8.cfg 2022/07/14 v2.5.10 Caption with encoding UTF-8 (CTEX)
)) (d:/Program Files/texlive/2025/texmf-dist/tex/latex/ctex/fontset/ctex-fontset-windows.def
File: ctex-fontset-windows.def 2022/07/14 v2.5.10 Windows fonts definition (CTEX)

Package fontspec Info: 
(fontspec)             Could not resolve font "KaiTi/B" (it probably doesn't
(fontspec)             exist).


Package fontspec Info: 
(fontspec)             Could not resolve font "SimHei/I" (it probably doesn't
(fontspec)             exist).


Package fontspec Info: 
(fontspec)             Could not resolve font "SimSun/BI" (it probably doesn't
(fontspec)             exist).


Package fontspec Info: 
(fontspec)             Font family 'SimSun(0)' created for font 'SimSun' with
(fontspec)             options
(fontspec)             [Script={CJK},BoldFont={SimHei},ItalicFont={KaiTi}].
(fontspec)              
(fontspec)              This font family consists of the following NFSS
(fontspec)             series/shapes:
(fontspec)              
(fontspec)             - 'normal' (m/n) with NFSS spec.:
(fontspec)             <->"SimSun/OT:script=hani;language=dflt;"
(fontspec)             - 'bold' (b/n) with NFSS spec.:
(fontspec)             <->"SimHei/OT:script=hani;language=dflt;"
(fontspec)             - 'italic' (m/it) with NFSS spec.:
(fontspec)             <->"KaiTi/OT:script=hani;language=dflt;"

)) (d:/Program Files/texlive/2025/texmf-dist/tex/latex/ctex/config/ctex.cfg
File: ctex.cfg 2022/07/14 v2.5.10 Configuration file (CTEX)
) (d:/Program Files/texlive/2025/texmf-dist/tex/generic/iftex/iftex.sty
Package: iftex 2024/12/12 v1.0g TeX engine tests
) (d:/Program Files/texlive/2025/texmf-dist/tex/latex/setspace/setspace.sty
Package: setspace 2022/12/04 v6.7b set line spacing
) (d:/Program Files/texlive/2025/texmf-dist/tex/latex/tools/indentfirst.sty
Package: indentfirst 2023/07/02 v1.03 Indent first paragraph (DPC)
)

Package xeCJK Warning: Redefining CJKfamily `\CJKrmdefault' (SimSun(0)).


Package fontspec Info: 
(fontspec)             Could not resolve font "SimSun/BI" (it probably doesn't
(fontspec)             exist).


Package fontspec Info: 
(fontspec)             Could not resolve font "SimSun/B" (it probably doesn't
(fontspec)             exist).


Package fontspec Info: 
(fontspec)             Could not resolve font "SimSun/I" (it probably doesn't
(fontspec)             exist).


Package fontspec Info: 
(fontspec)             Font family 'SimSun(1)' created for font 'SimSun' with
(fontspec)             options [Script={CJK}].
(fontspec)              
(fontspec)              This font family consists of the following NFSS
(fontspec)             series/shapes:
(fontspec)              
(fontspec)             - 'normal' (m/n) with NFSS spec.:
(fontspec)             <->"SimSun/OT:script=hani;language=dflt;"


Package xeCJK Warning: Redefining CJKfamily `\CJKsfdefault' (Microsoft YaHei).


Package xeCJK Warning: Redefining CJKfamily `\CJKttdefault' (FangSong).


Package fontspec Info: 
(fontspec)             Font family 'TimesNewRoman(0)' created for font 'Times
(fontspec)             New Roman' with options [Ligatures=TeX].
(fontspec)              
(fontspec)              This font family consists of the following NFSS
(fontspec)             series/shapes:
(fontspec)              
(fontspec)             - 'normal' (m/n) with NFSS spec.: <->"Times New
(fontspec)             Roman/OT:script=latn;language=dflt;mapping=tex-text;"
(fontspec)             - 'small caps'  (m/sc) with NFSS spec.: <->"Times New
(fontspec)             Roman/OT:script=latn;language=dflt;+smcp;mapping=tex-text;"
(fontspec)             - 'bold' (b/n) with NFSS spec.: <->"Times New
(fontspec)             Roman/B/OT:script=latn;language=dflt;mapping=tex-text;"
(fontspec)             - 'bold small caps'  (b/sc) with NFSS spec.: <->"Times
(fontspec)             New
(fontspec)             Roman/B/OT:script=latn;language=dflt;+smcp;mapping=tex-text;"
(fontspec)             - 'italic' (m/it) with NFSS spec.: <->"Times New
(fontspec)             Roman/I/OT:script=latn;language=dflt;mapping=tex-text;"
(fontspec)             - 'italic small caps'  (m/scit) with NFSS spec.:
(fontspec)             <->"Times New
(fontspec)             Roman/I/OT:script=latn;language=dflt;+smcp;mapping=tex-text;"
(fontspec)             - 'bold italic' (b/it) with NFSS spec.: <->"Times New
(fontspec)             Roman/BI/OT:script=latn;language=dflt;mapping=tex-text;"
(fontspec)             - 'bold italic small caps'  (b/scit) with NFSS spec.:
(fontspec)             <->"Times New
(fontspec)             Roman/BI/OT:script=latn;language=dflt;+smcp;mapping=tex-text;"

(d:/Program Files/texlive/2025/texmf-dist/tex/latex/geometry/geometry.sty
Package: geometry 2020/01/02 v5.9 Page Geometry
 (d:/Program Files/texlive/2025/texmf-dist/tex/latex/graphics/keyval.sty
Package: keyval 2022/05/29 v1.15 key=value parser (DPC)
\KV@toks@=\toks17
) (d:/Program Files/texlive/2025/texmf-dist/tex/generic/iftex/ifvtex.sty
Package: ifvtex 2019/10/25 v1.7 ifvtex legacy package. Use iftex instead.
)
\Gm@cnth=\count298
\Gm@cntv=\count299
\c@Gm@tempcnt=\count300
\Gm@bindingoffset=\dimen175
\Gm@wd@mp=\dimen176
\Gm@odd@mp=\dimen177
\Gm@even@mp=\dimen178
\Gm@layoutwidth=\dimen179
\Gm@layoutheight=\dimen180
\Gm@layouthoffset=\dimen181
\Gm@layoutvoffset=\dimen182
\Gm@dimlist=\toks18
) (d:/Program Files/texlive/2025/texmf-dist/tex/latex/fancyhdr/fancyhdr.sty
Package: fancyhdr 2025/02/07 v5.2 Extensive control of page headers and footers
\f@nch@headwidth=\skip60
\f@nch@offset@elh=\skip61
\f@nch@offset@erh=\skip62
\f@nch@offset@olh=\skip63
\f@nch@offset@orh=\skip64
\f@nch@offset@elf=\skip65
\f@nch@offset@erf=\skip66
\f@nch@offset@olf=\skip67
\f@nch@offset@orf=\skip68
\f@nch@height=\skip69
\f@nch@footalignment=\skip70
\f@nch@widthL=\skip71
\f@nch@widthC=\skip72
\f@nch@widthR=\skip73
\@temptokenb=\toks19
) (d:/Program Files/texlive/2025/texmf-dist/tex/latex/titlesec/titlesec.sty
Package: titlesec 2025/01/04 v2.17 Sectioning titles
\ttl@box=\box56
\beforetitleunit=\skip74
\aftertitleunit=\skip75
\ttl@plus=\dimen183
\ttl@minus=\dimen184
\ttl@toksa=\toks20
\titlewidth=\dimen185
\titlewidthlast=\dimen186
\titlewidthfirst=\dimen187
) (d:/Program Files/texlive/2025/texmf-dist/tex/latex/titlesec/titletoc.sty
Package: titletoc 2025/01/04 v2.17 TOC entries
\ttl@leftsep=\dimen188
) (d:/Program Files/texlive/2025/texmf-dist/tex/latex/amsmath/amsmath.sty
Package: amsmath 2024/11/05 v2.17t AMS math features
\@mathmargin=\skip76

For additional information on amsmath, use the `?' option.
(d:/Program Files/texlive/2025/texmf-dist/tex/latex/amsmath/amstext.sty
Package: amstext 2021/08/26 v2.01 AMS text
 (d:/Program Files/texlive/2025/texmf-dist/tex/latex/amsmath/amsgen.sty
File: amsgen.sty 1999/11/30 v2.0 generic functions
\@emptytoks=\toks21
\ex@=\dimen189
)) (d:/Program Files/texlive/2025/texmf-dist/tex/latex/amsmath/amsbsy.sty
Package: amsbsy 1999/11/29 v1.2d Bold Symbols
\pmbraise@=\dimen190
) (d:/Program Files/texlive/2025/texmf-dist/tex/latex/amsmath/amsopn.sty
Package: amsopn 2022/04/08 v2.04 operator names
)
\inf@bad=\count301
LaTeX Info: Redefining \frac on input line 233.
\uproot@=\count302
\leftroot@=\count303
LaTeX Info: Redefining \overline on input line 398.
LaTeX Info: Redefining \colon on input line 409.
\classnum@=\count304
\DOTSCASE@=\count305
LaTeX Info: Redefining \ldots on input line 495.
LaTeX Info: Redefining \dots on input line 498.
LaTeX Info: Redefining \cdots on input line 619.
\Mathstrutbox@=\box57
\strutbox@=\box58
LaTeX Info: Redefining \big on input line 721.
LaTeX Info: Redefining \Big on input line 722.
LaTeX Info: Redefining \bigg on input line 723.
LaTeX Info: Redefining \Bigg on input line 724.
\big@size=\dimen191
LaTeX Font Info:    Redeclaring font encoding OML on input line 742.
LaTeX Font Info:    Redeclaring font encoding OMS on input line 743.
\macc@depth=\count306
LaTeX Info: Redefining \bmod on input line 904.
LaTeX Info: Redefining \pmod on input line 909.
LaTeX Info: Redefining \smash on input line 939.
LaTeX Info: Redefining \relbar on input line 969.
LaTeX Info: Redefining \Relbar on input line 970.
\c@MaxMatrixCols=\count307
\dotsspace@=\muskip17
\c@parentequation=\count308
\dspbrk@lvl=\count309
\tag@help=\toks22
\row@=\count310
\column@=\count311
\maxfields@=\count312
\andhelp@=\toks23
\eqnshift@=\dimen192
\alignsep@=\dimen193
\tagshift@=\dimen194
\tagwidth@=\dimen195
\totwidth@=\dimen196
\lineht@=\dimen197
\@envbody=\toks24
\multlinegap=\skip77
\multlinetaggap=\skip78
\mathdisplay@stack=\toks25
LaTeX Info: Redefining \[ on input line 2953.
LaTeX Info: Redefining \] on input line 2954.
) (d:/Program Files/texlive/2025/texmf-dist/tex/latex/amsfonts/amssymb.sty
Package: amssymb 2013/01/14 v3.01 AMS font symbols
 (d:/Program Files/texlive/2025/texmf-dist/tex/latex/amsfonts/amsfonts.sty
Package: amsfonts 2013/01/14 v3.01 Basic AMSFonts support
\symAMSa=\mathgroup4
\symAMSb=\mathgroup5
LaTeX Font Info:    Redeclaring math symbol \hbar on input line 98.
LaTeX Font Info:    Overwriting math alphabet `\mathfrak' in version `bold'
(Font)                  U/euf/m/n --> U/euf/b/n on input line 106.
)) (d:/Program Files/texlive/2025/texmf-dist/tex/latex/amscls/amsthm.sty
Package: amsthm 2020/05/29 v2.20.6
\thm@style=\toks26
\thm@bodyfont=\toks27
\thm@headfont=\toks28
\thm@notefont=\toks29
\thm@headpunct=\toks30
\thm@preskip=\skip79
\thm@postskip=\skip80
\thm@headsep=\skip81
\dth@everypar=\toks31
) (d:/Program Files/texlive/2025/texmf-dist/tex/latex/tools/bm.sty
Package: bm 2023/12/19 v1.2f Bold Symbol Support (DPC/FMi)
\symboldoperators=\mathgroup6
\symboldletters=\mathgroup7
\symboldsymbols=\mathgroup8
Package bm Info: No bold for \OMX/cmex/m/n, using \pmb.
Package bm Info: No bold for \U/msa/m/n, using \pmb.
Package bm Info: No bold for \U/msb/m/n, using \pmb.
LaTeX Font Info:    Redeclaring math alphabet \mathbf on input line 149.
) (d:/Program Files/texlive/2025/texmf-dist/tex/latex/mathtools/mathtools.sty
Package: mathtools 2024/10/04 v1.31 mathematical typesetting tools
 (d:/Program Files/texlive/2025/texmf-dist/tex/latex/tools/calc.sty
Package: calc 2023/07/08 v4.3 Infix arithmetic (KKT,FJ)
\calc@Acount=\count313
\calc@Bcount=\count314
\calc@Adimen=\dimen198
\calc@Bdimen=\dimen199
\calc@Askip=\skip82
\calc@Bskip=\skip83
LaTeX Info: Redefining \setlength on input line 80.
LaTeX Info: Redefining \addtolength on input line 81.
\calc@Ccount=\count315
\calc@Cskip=\skip84
) (d:/Program Files/texlive/2025/texmf-dist/tex/latex/mathtools/mhsetup.sty
Package: mhsetup 2021/03/18 v1.4 programming setup (MH)
)
\g_MT_multlinerow_int=\count316
\l_MT_multwidth_dim=\dimen256
\origjot=\skip85
\l_MT_shortvdotswithinadjustabove_dim=\dimen257
\l_MT_shortvdotswithinadjustbelow_dim=\dimen258
\l_MT_above_intertext_sep=\dimen259
\l_MT_below_intertext_sep=\dimen260
\l_MT_above_shortintertext_sep=\dimen261
\l_MT_below_shortintertext_sep=\dimen262
\xmathstrut@box=\box59
\xmathstrut@dim=\dimen263
) (d:/Program Files/texlive/2025/texmf-dist/tex/latex/graphics/graphicx.sty
Package: graphicx 2021/09/16 v1.2d Enhanced LaTeX Graphics (DPC,SPQR)
 (d:/Program Files/texlive/2025/texmf-dist/tex/latex/graphics/graphics.sty
Package: graphics 2024/08/06 v1.4g Standard LaTeX Graphics (DPC,SPQR)
 (d:/Program Files/texlive/2025/texmf-dist/tex/latex/graphics/trig.sty
Package: trig 2023/12/02 v1.11 sin cos tan (DPC)
) (d:/Program Files/texlive/2025/texmf-dist/tex/latex/graphics-cfg/graphics.cfg
File: graphics.cfg 2016/06/04 v1.11 sample graphics configuration
)
Package graphics Info: Driver file: xetex.def on input line 106.
 (d:/Program Files/texlive/2025/texmf-dist/tex/latex/graphics-def/xetex.def
File: xetex.def 2022/09/22 v5.0n Graphics/color driver for xetex
))
\Gin@req@height=\dimen264
\Gin@req@width=\dimen265
) (d:/Program Files/texlive/2025/texmf-dist/tex/latex/caption/subcaption.sty
Package: subcaption 2023/07/28 v1.6b Sub-captions (AR)
 (d:/Program Files/texlive/2025/texmf-dist/tex/latex/caption/caption.sty
Package: caption 2023/08/05 v3.6o Customizing captions (AR)
 (d:/Program Files/texlive/2025/texmf-dist/tex/latex/caption/caption3.sty
Package: caption3 2023/07/31 v2.4d caption3 kernel (AR)
\caption@tempdima=\dimen266
\captionmargin=\dimen267
\caption@leftmargin=\dimen268
\caption@rightmargin=\dimen269
\caption@width=\dimen270
\caption@indent=\dimen271
\caption@parindent=\dimen272
\caption@hangindent=\dimen273
Package caption Info: Standard document class detected.
)
\c@caption@flags=\count317
\c@continuedfloat=\count318
)
Package caption Info: New subtype `subfigure' on input line 238.
\c@subfigure=\count319
Package caption Info: New subtype `subtable' on input line 238.
\c@subtable=\count320
) (d:/Program Files/texlive/2025/texmf-dist/tex/latex/float/float.sty
Package: float 2001/11/08 v1.3d Float enhancements (AL)
\c@float@type=\count321
\float@exts=\toks32
\float@box=\box60
\@float@everytoks=\toks33
\@floatcapt=\box61
) (d:/Program Files/texlive/2025/texmf-dist/tex/latex/booktabs/booktabs.sty
Package: booktabs 2020/01/12 v1.61803398 Publication quality tables
\heavyrulewidth=\dimen274
\lightrulewidth=\dimen275
\cmidrulewidth=\dimen276
\belowrulesep=\dimen277
\belowbottomsep=\dimen278
\aboverulesep=\dimen279
\abovetopsep=\dimen280
\cmidrulesep=\dimen281
\cmidrulekern=\dimen282
\defaultaddspace=\dimen283
\@cmidla=\count322
\@cmidlb=\count323
\@aboverulesep=\dimen284
\@belowrulesep=\dimen285
\@thisruleclass=\count324
\@lastruleclass=\count325
\@thisrulewidth=\dimen286
) (d:/Program Files/texlive/2025/texmf-dist/tex/latex/multirow/multirow.sty
Package: multirow 2024/11/12 v2.9 Span multiple rows of a table
\multirow@colwidth=\skip86
\multirow@cntb=\count326
\multirow@dima=\skip87
\bigstrutjot=\dimen287
) (d:/Program Files/texlive/2025/texmf-dist/tex/latex/tools/array.sty
Package: array 2024/10/17 v2.6g Tabular extension package (FMi)
\col@sep=\dimen288
\ar@mcellbox=\box62
\extrarowheight=\dimen289
\NC@list=\toks34
\extratabsurround=\skip88
\backup@length=\skip89
\ar@cellbox=\box63
) (d:/Program Files/texlive/2025/texmf-dist/tex/latex/tools/longtable.sty
Package: longtable 2024-10-27 v4.22 Multi-page Table package (DPC)
\LTleft=\skip90
\LTright=\skip91
\LTpre=\skip92
\LTpost=\skip93
\LTchunksize=\count327
\LTcapwidth=\dimen290
\LT@head=\box64
\LT@firsthead=\box65
\LT@foot=\box66
\LT@lastfoot=\box67
\LT@gbox=\box68
\LT@cols=\count328
\LT@rows=\count329
\c@LT@tables=\count330
\c@LT@chunks=\count331
\LT@p@ftn=\toks35
) (d:/Program Files/texlive/2025/texmf-dist/tex/latex/tools/tabularx.sty
Package: tabularx 2023/12/11 v2.12a `tabularx' package (DPC)
\TX@col@width=\dimen291
\TX@old@table=\dimen292
\TX@old@col=\dimen293
\TX@target=\dimen294
\TX@delta=\dimen295
\TX@cols=\count332
\TX@ftn=\toks36
) (d:/Program Files/texlive/2025/texmf-dist/tex/latex/tools/multicol.sty
Package: multicol 2024/09/14 v1.9i multicolumn formatting (FMi)
\c@tracingmulticols=\count333
\mult@box=\box69
\multicol@leftmargin=\dimen296
\c@unbalance=\count334
\c@collectmore=\count335
\doublecol@number=\count336
\multicoltolerance=\count337
\multicolpretolerance=\count338
\full@width=\dimen297
\page@free=\dimen298
\premulticols=\dimen299
\postmulticols=\dimen300
\multicolsep=\skip94
\multicolbaselineskip=\skip95
\partial@page=\box70
\last@line=\box71
\mc@boxedresult=\box72
\maxbalancingoverflow=\dimen301
\mult@rightbox=\box73
\mult@grightbox=\box74
\mult@firstbox=\box75
\mult@gfirstbox=\box76
\@tempa=\box77
\@tempa=\box78
\@tempa=\box79
\@tempa=\box80
\@tempa=\box81
\@tempa=\box82
\@tempa=\box83
\@tempa=\box84
\@tempa=\box85
\@tempa=\box86
\@tempa=\box87
\@tempa=\box88
\@tempa=\box89
\@tempa=\box90
\@tempa=\box91
\@tempa=\box92
\@tempa=\box93
\@tempa=\box94
\@tempa=\box95
\@tempa=\box96
\@tempa=\box97
\@tempa=\box98
\@tempa=\box99
\@tempa=\box100
\@tempa=\box101
\@tempa=\box102
\@tempa=\box103
\@tempa=\box104
\@tempa=\box105
\@tempa=\box106
\@tempa=\box107
\@tempa=\box108
\@tempa=\box109
\@tempa=\box110
\@tempa=\box111
\@tempa=\box112
\c@minrows=\count339
\c@columnbadness=\count340
\c@finalcolumnbadness=\count341
\last@try=\dimen302
\multicolovershoot=\dimen303
\multicolundershoot=\dimen304
\mult@nat@firstbox=\box113
\colbreak@box=\box114
\mc@col@check@num=\count342
) (d:/Program Files/texlive/2025/texmf-dist/tex/latex/makecell/makecell.sty
Package: makecell 2009/08/03 V0.1e Managing of Tab Column Heads and Cells
\rotheadsize=\dimen305
\c@nlinenum=\count343
\TeXr@lab=\toks37
) (d:/Program Files/texlive/2025/texmf-dist/tex/latex/etoolbox/etoolbox.sty
Package: etoolbox 2025/02/11 v2.5l e-TeX tools for LaTeX (JAW)
\etb@tempcnta=\count344
) (d:/Program Files/texlive/2025/texmf-dist/tex/latex/hyperref/hyperref.sty
Package: hyperref 2024-11-05 v7.01l Hypertext links for LaTeX
 (d:/Program Files/texlive/2025/texmf-dist/tex/latex/kvsetkeys/kvsetkeys.sty
Package: kvsetkeys 2022-10-05 v1.19 Key value parser (HO)
) (d:/Program Files/texlive/2025/texmf-dist/tex/generic/kvdefinekeys/kvdefinekeys.sty
Package: kvdefinekeys 2019-12-19 v1.6 Define keys (HO)
) (d:/Program Files/texlive/2025/texmf-dist/tex/generic/pdfescape/pdfescape.sty
Package: pdfescape 2019/12/09 v1.15 Implements pdfTeX's escape features (HO)
 (d:/Program Files/texlive/2025/texmf-dist/tex/generic/ltxcmds/ltxcmds.sty
Package: ltxcmds 2023-12-04 v1.26 LaTeX kernel commands for general use (HO)
) (d:/Program Files/texlive/2025/texmf-dist/tex/generic/pdftexcmds/pdftexcmds.sty
Package: pdftexcmds 2020-06-27 v0.33 Utility functions of pdfTeX for LuaTeX (HO)
 (d:/Program Files/texlive/2025/texmf-dist/tex/generic/infwarerr/infwarerr.sty
Package: infwarerr 2019/12/03 v1.5 Providing info/warning/error messages (HO)
)
Package pdftexcmds Info: \pdf@primitive is available.
Package pdftexcmds Info: \pdf@ifprimitive is available.
Package pdftexcmds Info: \pdfdraftmode not found.
)) (d:/Program Files/texlive/2025/texmf-dist/tex/latex/hycolor/hycolor.sty
Package: hycolor 2020-01-27 v1.10 Color options for hyperref/bookmark (HO)
) (d:/Program Files/texlive/2025/texmf-dist/tex/latex/hyperref/nameref.sty
Package: nameref 2023-11-26 v2.56 Cross-referencing by name of section
 (d:/Program Files/texlive/2025/texmf-dist/tex/latex/refcount/refcount.sty
Package: refcount 2019/12/15 v3.6 Data extraction from label references (HO)
) (d:/Program Files/texlive/2025/texmf-dist/tex/generic/gettitlestring/gettitlestring.sty
Package: gettitlestring 2019/12/15 v1.6 Cleanup title references (HO)
 (d:/Program Files/texlive/2025/texmf-dist/tex/latex/kvoptions/kvoptions.sty
Package: kvoptions 2022-06-15 v3.15 Key value format for package options (HO)
))
\c@section@level=\count345
) (d:/Program Files/texlive/2025/texmf-dist/tex/generic/stringenc/stringenc.sty
Package: stringenc 2019/11/29 v1.12 Convert strings between diff. encodings (HO)
)
\@linkdim=\dimen306
\Hy@linkcounter=\count346
\Hy@pagecounter=\count347
 (d:/Program Files/texlive/2025/texmf-dist/tex/latex/hyperref/pd1enc.def
File: pd1enc.def 2024-11-05 v7.01l Hyperref: PDFDocEncoding definition (HO)
) (d:/Program Files/texlive/2025/texmf-dist/tex/generic/intcalc/intcalc.sty
Package: intcalc 2019/12/15 v1.3 Expandable calculations with integers (HO)
)
\Hy@SavedSpaceFactor=\count348
 (d:/Program Files/texlive/2025/texmf-dist/tex/latex/hyperref/puenc.def
File: puenc.def 2024-11-05 v7.01l Hyperref: PDF Unicode definition (HO)
)
Package hyperref Info: Option `unicode' set `true' on input line 4040.
Package hyperref Info: Hyper figures OFF on input line 4157.
Package hyperref Info: Link nesting OFF on input line 4162.
Package hyperref Info: Hyper index ON on input line 4165.
Package hyperref Info: Plain pages OFF on input line 4172.
Package hyperref Info: Backreferencing OFF on input line 4177.
Package hyperref Info: Implicit mode ON; LaTeX internals redefined.
Package hyperref Info: Bookmarks ON on input line 4424.
\c@Hy@tempcnt=\count349
 (d:/Program Files/texlive/2025/texmf-dist/tex/latex/url/url.sty
\Urlmuskip=\muskip18
Package: url 2013/09/16  ver 3.4  Verb mode for urls, etc.
)
LaTeX Info: Redefining \url on input line 4763.
\XeTeXLinkMargin=\dimen307
 (d:/Program Files/texlive/2025/texmf-dist/tex/generic/bitset/bitset.sty
Package: bitset 2019/12/09 v1.3 Handle bit-vector datatype (HO)
 (d:/Program Files/texlive/2025/texmf-dist/tex/generic/bigintcalc/bigintcalc.sty
Package: bigintcalc 2019/12/15 v1.5 Expandable calculations on big integers (HO)
))
\Fld@menulength=\count350
\Field@Width=\dimen308
\Fld@charsize=\dimen309
Package hyperref Info: Hyper figures OFF on input line 6042.
Package hyperref Info: Link nesting OFF on input line 6047.
Package hyperref Info: Hyper index ON on input line 6050.
Package hyperref Info: backreferencing OFF on input line 6057.
Package hyperref Info: Link coloring OFF on input line 6062.
Package hyperref Info: Link coloring with OCG OFF on input line 6067.
Package hyperref Info: PDF/A mode OFF on input line 6072.
 (d:/Program Files/texlive/2025/texmf-dist/tex/latex/base/atbegshi-ltx.sty
Package: atbegshi-ltx 2021/01/10 v1.0c Emulation of the original atbegshi
package with kernel methods
)
\Hy@abspage=\count351
\c@Item=\count352
\c@Hfootnote=\count353
)
Package hyperref Info: Driver (autodetected): hxetex.
 (d:/Program Files/texlive/2025/texmf-dist/tex/latex/hyperref/hxetex.def
File: hxetex.def 2024-11-05 v7.01l Hyperref driver for XeTeX
\pdfm@box=\box115
\c@Hy@AnnotLevel=\count354
\HyField@AnnotCount=\count355
\Fld@listcount=\count356
\c@bookmark@seq@number=\count357
 (d:/Program Files/texlive/2025/texmf-dist/tex/latex/rerunfilecheck/rerunfilecheck.sty
Package: rerunfilecheck 2022-07-10 v1.10 Rerun checks for auxiliary files (HO)
 (d:/Program Files/texlive/2025/texmf-dist/tex/latex/base/atveryend-ltx.sty
Package: atveryend-ltx 2020/08/19 v1.0a Emulation of the original atveryend package
with kernel methods
) (d:/Program Files/texlive/2025/texmf-dist/tex/generic/uniquecounter/uniquecounter.sty
Package: uniquecounter 2019/12/15 v1.4 Provide unlimited unique counter (HO)
)
Package uniquecounter Info: New unique counter `rerunfilecheck' on input line 285.
)
\Hy@SectionHShift=\skip96
)
Package hyperref Info: Option `colorlinks' set `true' on input line 239.
Package hyperref Info: Option `bookmarksopen' set `true' on input line 239.
 (d:/Program Files/texlive/2025/texmf-dist/tex/latex/bookmark/bookmark.sty
Package: bookmark 2023-12-10 v1.31 PDF bookmarks (HO)
 (d:/Program Files/texlive/2025/texmf-dist/tex/latex/bookmark/bkm-dvipdfm.def
File: bkm-dvipdfm.def 2023-12-10 v1.31 bookmark driver for dvipdfm (HO)
\BKM@id=\count358
)) (d:/Program Files/texlive/2025/texmf-dist/tex/latex/cleveref/cleveref.sty
Package: cleveref 2018/03/27 v0.21.4 Intelligent cross-referencing
Package cleveref Info: `hyperref' support loaded on input line 2370.
LaTeX Info: Redefining \cref on input line 2370.
LaTeX Info: Redefining \Cref on input line 2370.
LaTeX Info: Redefining \crefrange on input line 2370.
LaTeX Info: Redefining \Crefrange on input line 2370.
LaTeX Info: Redefining \cpageref on input line 2370.
LaTeX Info: Redefining \Cpageref on input line 2370.
LaTeX Info: Redefining \cpagerefrange on input line 2370.
LaTeX Info: Redefining \Cpagerefrange on input line 2370.
LaTeX Info: Redefining \labelcref on input line 2370.
LaTeX Info: Redefining \labelcpageref on input line 2370.
Package cleveref Info: `amsthm' support loaded on input line 3026.
) (d:/Program Files/texlive/2025/texmf-dist/tex/latex/enumitem/enumitem.sty
Package: enumitem 2025/02/06 v3.11 Customized lists
\labelindent=\skip97
\enit@outerparindent=\dimen310
\enit@toks=\toks38
\enit@inbox=\box116
\enit@count@id=\count359
\enitdp@description=\count360
) (d:/Program Files/texlive/2025/texmf-dist/tex/latex/algorithm2e/algorithm2e.sty
Invalid UTF-8 byte or sequence at line 284 replaced by U+FFFD.
Invalid UTF-8 byte or sequence at line 299 replaced by U+FFFD.
Invalid UTF-8 byte or sequence at line 550 replaced by U+FFFD.
Package: algorithm2e 2017/07/18 v5.2 algorithms environments
\c@AlgoLine=\count361
 (d:/Program Files/texlive/2025/texmf-dist/tex/latex/base/ifthen.sty
Package: ifthen 2024/03/16 v1.1e Standard LaTeX ifthen package (DPC)
)
\algocf@hangindent=\skip98
 (d:/Program Files/texlive/2025/texmf-dist/tex/latex/ifoddpage/ifoddpage.sty
Package: ifoddpage 2022/10/18 v1.2 Conditionals for odd/even page detection
\c@checkoddpage=\count362
) (d:/Program Files/texlive/2025/texmf-dist/tex/latex/tools/xspace.sty
Package: xspace 2014/10/28 v1.13 Space after command names (DPC,MH)
) (d:/Program Files/texlive/2025/texmf-dist/tex/latex/relsize/relsize.sty
Package: relsize 2013/03/29 ver 4.1
)
\skiptotal=\skip99
\skiplinenumber=\skip100
\skiprule=\skip101
\skiphlne=\skip102
\skiptext=\skip103
\skiplength=\skip104
\algomargin=\skip105
\skipalgocfslide=\skip106
\algowidth=\dimen311
\inoutsize=\dimen312
\inoutindent=\dimen313
\interspacetitleruled=\dimen314
\interspacealgoruled=\dimen315
\interspacetitleboxruled=\dimen316
\algocf@ruledwidth=\skip107
\algocf@inoutbox=\box117
\algocf@inputbox=\box118
\AlCapSkip=\skip108
\AlCapHSkip=\skip109
\algoskipindent=\skip110
\algocf@nlbox=\box119
\algocf@hangingbox=\box120
\algocf@untilbox=\box121
\algocf@skipuntil=\skip111
\algocf@capbox=\box122
\algocf@lcaptionbox=\skip112
\algoheightruledefault=\skip113
\algoheightrule=\skip114
\algotitleheightruledefault=\skip115
\algotitleheightrule=\skip116
\c@algocfline=\count363
\c@algocfproc=\count364
\c@algocf=\count365
\algocf@algoframe=\box123
\algocf@algobox=\box124
) (d:/Program Files/texlive/2025/texmf-dist/tex/latex/listings/listings.sty
\lst@mode=\count366
\lst@gtempboxa=\box125
\lst@token=\toks39
\lst@length=\count367
\lst@currlwidth=\dimen317
\lst@column=\count368
\lst@pos=\count369
\lst@lostspace=\dimen318
\lst@width=\dimen319
\lst@newlines=\count370
\lst@lineno=\count371
\lst@maxwidth=\dimen320
 (d:/Program Files/texlive/2025/texmf-dist/tex/latex/listings/lstpatch.sty
File: lstpatch.sty 2024/09/23 1.10c (Carsten Heinz)
) (d:/Program Files/texlive/2025/texmf-dist/tex/latex/listings/lstmisc.sty
File: lstmisc.sty 2024/09/23 1.10c (Carsten Heinz)
\c@lstnumber=\count372
\lst@skipnumbers=\count373
\lst@framebox=\box126
) (d:/Program Files/texlive/2025/texmf-dist/tex/latex/listings/listings.cfg
File: listings.cfg 2024/09/23 1.10c listings configuration
))
Package: listings 2024/09/23 1.10c (Carsten Heinz)
 (d:/Program Files/texlive/2025/texmf-dist/tex/xelatex/xecjk/xeCJK-listings.sty
Package: xeCJK-listings 2022/08/05 v3.9.1 xeCJK patch file for listings
\l__xeCJK_listings_max_char_int=\count374
\l__xeCJK_listings_flag_int=\count375
) (d:/Program Files/texlive/2025/texmf-dist/tex/latex/xcolor/xcolor.sty
Package: xcolor 2024/09/29 v3.02 LaTeX color extensions (UK)
 (d:/Program Files/texlive/2025/texmf-dist/tex/latex/graphics-cfg/color.cfg
File: color.cfg 2016/01/02 v1.6 sample color configuration
)
Package xcolor Info: Driver file: xetex.def on input line 274.
 (d:/Program Files/texlive/2025/texmf-dist/tex/latex/graphics/mathcolor.ltx)
Package xcolor Info: Model `cmy' substituted by `cmy0' on input line 1349.
Package xcolor Info: Model `RGB' extended on input line 1365.
Package xcolor Info: Model `HTML' substituted by `rgb' on input line 1367.
Package xcolor Info: Model `Hsb' substituted by `hsb' on input line 1368.
Package xcolor Info: Model `tHsb' substituted by `hsb' on input line 1369.
Package xcolor Info: Model `HSB' substituted by `hsb' on input line 1370.
Package xcolor Info: Model `Gray' substituted by `gray' on input line 1371.
Package xcolor Info: Model `wave' substituted by `hsb' on input line 1372.
)
\c@theorem=\count376
\c@lemma=\count377
\c@proposition=\count378
\c@corollary=\count379
\c@definition=\count380
 (d:/Program Files/texlive/2025/texmf-dist/tex/latex/pdfpages/pdfpages.sty
Package: pdfpages 2025/01/30 v0.6e Insert pages of external PDF documents (AM)
 (d:/Program Files/texlive/2025/texmf-dist/tex/latex/eso-pic/eso-pic.sty
Package: eso-pic 2023/05/03 v3.0c eso-pic (RN)
\ESO@tempdima=\dimen321
\ESO@tempdimb=\dimen322
)
\AM@pagewidth=\dimen323
\AM@pageheight=\dimen324
\AM@fboxrule=\dimen325
 (d:/Program Files/texlive/2025/texmf-dist/tex/latex/pdfpages/ppxetex.def
File: ppxetex.def 2025/01/30 v0.6e Pdfpages driver for XeTeX (AM)
)
\pdfpages@includegraphics@status=\count381
\AM@pagebox=\box127
\AM@global@opts=\toks40
\AM@pagecnt=\count382
\AM@toc@title=\toks41
\AM@lof@heading=\toks42
\c@AM@survey=\count383
\AM@templatesizebox=\box128
)
\c@translationsection=\count384
\c@translationsubsection=\count385
\c@translationsubsubsection=\count386
 (d:/Program Files/texlive/2025/texmf-dist/tex/latex/biblatex/biblatex.sty
Package: biblatex 2024/03/21 v3.20 programmable bibliographies (PK/MW)
 (d:/Program Files/texlive/2025/texmf-dist/tex/latex/logreq/logreq.sty
Package: logreq 2010/08/04 v1.0 xml request logger
\lrq@indent=\count387
 (d:/Program Files/texlive/2025/texmf-dist/tex/latex/logreq/logreq.def
File: logreq.def 2010/08/04 v1.0 logreq spec v1.0
))
\c@tabx@nest=\count388
\c@listtotal=\count389
\c@listcount=\count390
\c@liststart=\count391
\c@liststop=\count392
\c@citecount=\count393
\c@citetotal=\count394
\c@multicitecount=\count395
\c@multicitetotal=\count396
\c@instcount=\count397
\c@maxnames=\count398
\c@minnames=\count399
\c@maxitems=\count400
\c@minitems=\count401
\c@citecounter=\count402
\c@maxcitecounter=\count403
\c@savedcitecounter=\count404
\c@uniquelist=\count405
\c@uniquename=\count406
\c@refsection=\count407
\c@refsegment=\count408
\c@maxextratitle=\count409
\c@maxextratitleyear=\count410
\c@maxextraname=\count411
\c@maxextradate=\count412
\c@maxextraalpha=\count413
\c@abbrvpenalty=\count414
\c@highnamepenalty=\count415
\c@lownamepenalty=\count416
\c@maxparens=\count417
\c@parenlevel=\count418
\blx@tempcnta=\count419
\blx@tempcntb=\count420
\blx@tempcntc=\count421
\c@blx@maxsection=\count422
\blx@maxsegment@0=\count423
\blx@notetype=\count424
\blx@parenlevel@text=\count425
\blx@parenlevel@foot=\count426
\blx@sectionciteorder@0=\count427
\blx@sectionciteorderinternal@0=\count428
\blx@entrysetcounter=\count429
\blx@biblioinstance=\count430
\labelnumberwidth=\skip117
\labelalphawidth=\skip118
\biblabelsep=\skip119
\bibitemsep=\skip120
\bibnamesep=\skip121
\bibinitsep=\skip122
\bibparsep=\skip123
\bibhang=\skip124
\blx@bcfin=\read2
\blx@bcfout=\write3
\blx@langwohyphens=\language90
\c@mincomprange=\count431
\c@maxcomprange=\count432
\c@mincompwidth=\count433
Package biblatex Info: Trying to load biblatex default data model...
Package biblatex Info: ... file 'blx-dm.def' found.
 (d:/Program Files/texlive/2025/texmf-dist/tex/latex/biblatex/blx-dm.def
File: blx-dm.def 2024/03/21 v3.20 biblatex datamodel (PK/MW)
)
Package biblatex Info: Trying to load biblatex style data model...
Package biblatex Info: ... file 'gb7714-2015.dbx' not found.
Package biblatex Info: Trying to load biblatex custom data model...
Package biblatex Info: ... file 'biblatex-dm.cfg' not found.
\c@afterword=\count434
\c@savedafterword=\count435
\c@annotator=\count436
\c@savedannotator=\count437
\c@author=\count438
\c@savedauthor=\count439
\c@bookauthor=\count440
\c@savedbookauthor=\count441
\c@commentator=\count442
\c@savedcommentator=\count443
\c@editor=\count444
\c@savededitor=\count445
\c@editora=\count446
\c@savededitora=\count447
\c@editorb=\count448
\c@savededitorb=\count449
\c@editorc=\count450
\c@savededitorc=\count451
\c@foreword=\count452
\c@savedforeword=\count453
\c@holder=\count454
\c@savedholder=\count455
\c@introduction=\count456
\c@savedintroduction=\count457
\c@namea=\count458
\c@savednamea=\count459
\c@nameb=\count460
\c@savednameb=\count461
\c@namec=\count462
\c@savednamec=\count463
\c@translator=\count464
\c@savedtranslator=\count465
\c@shortauthor=\count466
\c@savedshortauthor=\count467
\c@shorteditor=\count468
\c@savedshorteditor=\count469
\c@labelname=\count470
\c@savedlabelname=\count471
\c@institution=\count472
\c@savedinstitution=\count473
\c@lista=\count474
\c@savedlista=\count475
\c@listb=\count476
\c@savedlistb=\count477
\c@listc=\count478
\c@savedlistc=\count479
\c@listd=\count480
\c@savedlistd=\count481
\c@liste=\count482
\c@savedliste=\count483
\c@listf=\count484
\c@savedlistf=\count485
\c@location=\count486
\c@savedlocation=\count487
\c@organization=\count488
\c@savedorganization=\count489
\c@origlocation=\count490
\c@savedoriglocation=\count491
\c@origpublisher=\count492
\c@savedorigpublisher=\count493
\c@publisher=\count494
\c@savedpublisher=\count495
\c@language=\count496
\c@savedlanguage=\count497
\c@origlanguage=\count498
\c@savedoriglanguage=\count499
\c@pageref=\count500
\c@savedpageref=\count501
\shorthandwidth=\skip125
\shortjournalwidth=\skip126
\shortserieswidth=\skip127
\shorttitlewidth=\skip128
\shortauthorwidth=\skip129
\shorteditorwidth=\skip130
\locallabelnumberwidth=\skip131
\locallabelalphawidth=\skip132
\localshorthandwidth=\skip133
\localshortjournalwidth=\skip134
\localshortserieswidth=\skip135
\localshorttitlewidth=\skip136
\localshortauthorwidth=\skip137
\localshorteditorwidth=\skip138
Package biblatex Info: Trying to load enhanced support for Unicode engines...
Package biblatex Info: ... file 'blx-unicode.def' found.
 (d:/Program Files/texlive/2025/texmf-dist/tex/latex/biblatex/blx-unicode.def)
Package biblatex Info: Trying to load compatibility code...
Package biblatex Info: ... file 'blx-compat.def' found.
 (d:/Program Files/texlive/2025/texmf-dist/tex/latex/biblatex/blx-compat.def
File: blx-compat.def 2024/03/21 v3.20 biblatex compatibility (PK/MW)
)
Package biblatex Info: Trying to load generic definitions...
Package biblatex Info: ... file 'biblatex.def' found.
 (d:/Program Files/texlive/2025/texmf-dist/tex/latex/biblatex/biblatex.def
File: biblatex.def 2024/03/21 v3.20 biblatex compatibility (PK/MW)
\c@textcitecount=\count502
\c@textcitetotal=\count503
\c@textcitemaxnames=\count504
\c@biburlbigbreakpenalty=\count505
\c@biburlbreakpenalty=\count506
\c@biburlnumpenalty=\count507
\c@biburlucpenalty=\count508
\c@biburllcpenalty=\count509
\biburlbigskip=\muskip19
\biburlnumskip=\muskip20
\biburlucskip=\muskip21
\biburllcskip=\muskip22
\c@smartand=\count510
)
Package biblatex Info: Trying to load bibliography style 'gb7714-2015'...
Package biblatex Info: ... file 'gb7714-2015.bbx' found.
 (d:/Program Files/texlive/2025/texmf-dist/tex/latex/biblatex-gb7714-2015/gb7714-2015.bbx
File: gb7714-2015.bbx 2025/03/03 v1.1tbiblatex bibliography style
Package biblatex Info: Trying to load bibliography style 'numeric-comp'...
Package biblatex Info: ... file 'numeric-comp.bbx' found.
 (d:/Program Files/texlive/2025/texmf-dist/tex/latex/biblatex/bbx/numeric-comp.bbx
File: numeric-comp.bbx 2024/03/21 v3.20 biblatex bibliography style (PK/MW)
Package biblatex Info: Trying to load bibliography style 'numeric'...
Package biblatex Info: ... file 'numeric.bbx' found.
 (d:/Program Files/texlive/2025/texmf-dist/tex/latex/biblatex/bbx/numeric.bbx
File: numeric.bbx 2024/03/21 v3.20 biblatex bibliography style (PK/MW)
Package biblatex Info: Trying to load bibliography style 'standard'...
Package biblatex Info: ... file 'standard.bbx' found.
 (d:/Program Files/texlive/2025/texmf-dist/tex/latex/biblatex/bbx/standard.bbx
File: standard.bbx 2024/03/21 v3.20 biblatex bibliography style (PK/MW)
\c@bbx:relatedcount=\count511
\c@bbx:relatedtotal=\count512
))) (d:/Program Files/texlive/2025/texmf-dist/tex/generic/xstring/xstring.sty (d:/Program Files/texlive/2025/texmf-dist/tex/generic/xstring/xstring.tex
\xs_counta=\count513
\xs_countb=\count514
)
Package: xstring 2023/08/22 v1.86 String manipulations (CT)
)
\BracketLift=\skip139
\footbibmargin=\skip140
\footbiblabelsep=\skip141
\c@gbnamefmtcase=\count515
\c@gbalignlabel=\count516
\c@gbcitelocalcase=\count517
\c@gbbiblocalcase=\count518
\c@lanordernum=\count519
\bibitemindent=\skip142
\biblabelextend=\skip143
Package biblatex Info: Delimiter 'finalnamedelim' in context '' already defined, overwriting.
)
Package biblatex Info: Trying to load citation style 'gb7714-2015'...
Package biblatex Info: ... file 'gb7714-2015.cbx' found.
 (d:/Program Files/texlive/2025/texmf-dist/tex/latex/biblatex-gb7714-2015/gb7714-2015.cbx
File: gb7714-2015.cbx a biblatex citation style for GB/T 7714-2015
Package biblatex Info: Trying to load citation style 'numeric-comp'...
Package biblatex Info: ... file 'numeric-comp.cbx' found.
 (d:/Program Files/texlive/2025/texmf-dist/tex/latex/biblatex/cbx/numeric-comp.cbx
File: numeric-comp.cbx 2024/03/21 v3.20 biblatex citation style (PK/MW)
\c@cbx@tempcnta=\count520
\c@cbx@tempcntb=\count521
\c@cbx@tempcntc=\count522
\c@cbx@tempcntd=\count523
Package biblatex Info: Redefining '\cite'.
Package biblatex Info: Redefining '\parencite'.
Package biblatex Info: Redefining '\footcite'.
Package biblatex Info: Redefining '\footcitetext'.
Package biblatex Info: Redefining '\smartcite'.
Package biblatex Info: Redefining '\supercite'.
Package biblatex Info: Redefining '\textcite'.
Package biblatex Info: Redefining '\textcites'.
Package biblatex Info: Redefining '\cites'.
Package biblatex Info: Redefining '\parencites'.
Package biblatex Info: Redefining '\smartcites'.
)
\c@gbrefcompress=\count524
Package biblatex Info: Redefining '\cite'.
Package biblatex Info: Redefining '\parencite'.
Package biblatex Info: Redefining '\cbx@textcite'.
)
Package biblatex Info: Trying to load configuration file...
Package biblatex Info: ... file 'biblatex.cfg' found.
 (d:/Program Files/texlive/2025/texmf-dist/tex/latex/biblatex/biblatex.cfg
File: biblatex.cfg 
)
Package biblatex Info: XeTeX detected.
(biblatex)             Assuming input encoding 'utf8'.
Package biblatex Info: Document encoding is UTF8 ....
Package biblatex Info: ... and expl3
(biblatex)             2025-01-18 L3 programming layer (loader) 
(biblatex)             is new enough (at least 2020/04/06),
(biblatex)             setting 'casechanger=expl3'.
 (d:/Program Files/texlive/2025/texmf-dist/tex/latex/biblatex/blx-case-expl3.sty
Package: blx-case-expl3 2024/03/21 v3.20 expl3 case changing code for biblatex
)))
\@quotelevel=\count525
\@quotereset=\count526
 (./main.aux (./front/abstract_zh.aux) (./front/abstract_en.aux) (./chapters/introduction.aux) (./chapters/ch1.aux) (./chapters/ch2.aux) (./chapters/ch3.aux) (./chapters/ch4.aux) (./chapters/ch5.aux) (./chapters/conclusion.aux) (./front/acknowledgement.aux) (./appendix/appendixA.aux) (./appendix/appendixB.aux) (./appendix/appendixC.aux))
\openout1 = `main.aux'.

LaTeX Font Info:    Checking defaults for OML/cmm/m/it on input line 5.
LaTeX Font Info:    ... okay on input line 5.
LaTeX Font Info:    Checking defaults for OMS/cmsy/m/n on input line 5.
LaTeX Font Info:    ... okay on input line 5.
LaTeX Font Info:    Checking defaults for OT1/cmr/m/n on input line 5.
LaTeX Font Info:    ... okay on input line 5.
LaTeX Font Info:    Checking defaults for T1/cmr/m/n on input line 5.
LaTeX Font Info:    ... okay on input line 5.
LaTeX Font Info:    Checking defaults for TS1/cmr/m/n on input line 5.
LaTeX Font Info:    ... okay on input line 5.
LaTeX Font Info:    Checking defaults for TU/lmr/m/n on input line 5.
LaTeX Font Info:    ... okay on input line 5.
LaTeX Font Info:    Checking defaults for OMX/cmex/m/n on input line 5.
LaTeX Font Info:    ... okay on input line 5.
LaTeX Font Info:    Checking defaults for U/cmr/m/n on input line 5.
LaTeX Font Info:    ... okay on input line 5.
LaTeX Font Info:    Checking defaults for PD1/pdf/m/n on input line 5.
LaTeX Font Info:    ... okay on input line 5.
LaTeX Font Info:    Checking defaults for PU/pdf/m/n on input line 5.
LaTeX Font Info:    ... okay on input line 5.

Package fontspec Info: 
(fontspec)             Adjusting the maths setup (use [no-math] to avoid
(fontspec)             this).

\symlegacymaths=\mathgroup9
LaTeX Font Info:    Overwriting symbol font `legacymaths' in version `bold'
(Font)                  OT1/cmr/m/n --> OT1/cmr/bx/n on input line 5.
LaTeX Font Info:    Redeclaring math accent \acute on input line 5.
LaTeX Font Info:    Redeclaring math accent \grave on input line 5.
LaTeX Font Info:    Redeclaring math accent \ddot on input line 5.
LaTeX Font Info:    Redeclaring math accent \tilde on input line 5.
LaTeX Font Info:    Redeclaring math accent \bar on input line 5.
LaTeX Font Info:    Redeclaring math accent \breve on input line 5.
LaTeX Font Info:    Redeclaring math accent \check on input line 5.
LaTeX Font Info:    Redeclaring math accent \hat on input line 5.
LaTeX Font Info:    Redeclaring math accent \dot on input line 5.
LaTeX Font Info:    Redeclaring math accent \mathring on input line 5.
LaTeX Font Info:    Redeclaring math symbol \Gamma on input line 5.
LaTeX Font Info:    Redeclaring math symbol \Delta on input line 5.
LaTeX Font Info:    Redeclaring math symbol \Theta on input line 5.
LaTeX Font Info:    Redeclaring math symbol \Lambda on input line 5.
LaTeX Font Info:    Redeclaring math symbol \Xi on input line 5.
LaTeX Font Info:    Redeclaring math symbol \Pi on input line 5.
LaTeX Font Info:    Redeclaring math symbol \Sigma on input line 5.
LaTeX Font Info:    Redeclaring math symbol \Upsilon on input line 5.
LaTeX Font Info:    Redeclaring math symbol \Phi on input line 5.
LaTeX Font Info:    Redeclaring math symbol \Psi on input line 5.
LaTeX Font Info:    Redeclaring math symbol \Omega on input line 5.
LaTeX Font Info:    Redeclaring math symbol \mathdollar on input line 5.
LaTeX Font Info:    Redeclaring symbol font `operators' on input line 5.
LaTeX Font Info:    Encoding `OT1' has changed to `TU' for symbol font
(Font)              `operators' in the math version `normal' on input line 5.
LaTeX Font Info:    Overwriting symbol font `operators' in version `normal'
(Font)                  OT1/cmr/m/n --> TU/TimesNewRoman(0)/m/n on input line 5.
LaTeX Font Info:    Encoding `OT1' has changed to `TU' for symbol font
(Font)              `operators' in the math version `bold' on input line 5.
LaTeX Font Info:    Overwriting symbol font `operators' in version `bold'
(Font)                  OT1/cmr/bx/n --> TU/TimesNewRoman(0)/m/n on input line 5.
LaTeX Font Info:    Overwriting symbol font `operators' in version `normal'
(Font)                  TU/TimesNewRoman(0)/m/n --> TU/TimesNewRoman(0)/m/n on input line 5.
LaTeX Font Info:    Overwriting math alphabet `\mathit' in version `normal'
(Font)                  OT1/cmr/m/it --> TU/TimesNewRoman(0)/m/it on input line 5.
LaTeX Font Info:    Overwriting math alphabet `\mathbf' in version `normal'
(Font)                  OT1/cmr/bx/n --> TU/TimesNewRoman(0)/b/n on input line 5.
LaTeX Font Info:    Overwriting math alphabet `\mathsf' in version `normal'
(Font)                  OT1/cmss/m/n --> TU/lmss/m/n on input line 5.
LaTeX Font Info:    Overwriting math alphabet `\mathtt' in version `normal'
(Font)                  OT1/cmtt/m/n --> TU/lmtt/m/n on input line 5.
LaTeX Font Info:    Overwriting symbol font `operators' in version `bold'
(Font)                  TU/TimesNewRoman(0)/m/n --> TU/TimesNewRoman(0)/b/n on input line 5.
LaTeX Font Info:    Overwriting math alphabet `\mathit' in version `bold'
(Font)                  OT1/cmr/bx/it --> TU/TimesNewRoman(0)/b/it on input line 5.
LaTeX Font Info:    Overwriting math alphabet `\mathsf' in version `bold'
(Font)                  OT1/cmss/bx/n --> TU/lmss/b/n on input line 5.
LaTeX Font Info:    Overwriting math alphabet `\mathtt' in version `bold'
(Font)                  OT1/cmtt/m/n --> TU/lmtt/b/n on input line 5.

*geometry* driver: auto-detecting
*geometry* detected driver: xetex
*geometry* verbose mode - [ preamble ] result:
* driver: xetex
* paper: <default>
* layout: <same size as paper>
* layoutoffset:(h,v)=(0.0pt,0.0pt)
* modes: 
* h-part:(L,W,R)=(90.19518pt, 417.11752pt, 90.19518pt)
* v-part:(T,H,B)=(72.2698pt, 700.50723pt, 72.2698pt)
* \paperwidth=597.50787pt
* \paperheight=845.04684pt
* \textwidth=417.11752pt
* \textheight=700.50723pt
* \oddsidemargin=17.92519pt
* \evensidemargin=17.92519pt
* \topmargin=-29.22655pt
* \headheight=15.0pt
* \headsep=14.22636pt
* \topskip=12.0pt
* \footskip=22.76228pt
* \marginparwidth=38.0pt
* \marginparsep=7.0pt
* \columnsep=10.0pt
* \skip\footins=10.8pt plus 4.0pt minus 2.0pt
* \hoffset=0.0pt
* \voffset=0.0pt
* \mag=1000
* \@twocolumnfalse
* \@twosidefalse
* \@mparswitchfalse
* \@reversemarginfalse
* (1in=72.27pt=25.4mm, 1cm=28.453pt)

Package caption Info: Begin \AtBeginDocument code.
Package caption Info: float package is loaded.
Package caption Info: hyperref package is loaded.
Package caption Info: listings package is loaded.
Package caption Info: longtable package is loaded.
(d:/Program Files/texlive/2025/texmf-dist/tex/latex/caption/ltcaption.sty
Package: ltcaption 2021/01/08 v1.4c longtable captions (AR)
)
Package caption Info: End \AtBeginDocument code.
Package hyperref Info: Link coloring ON on input line 5.
\c@lstlisting=\count527
 (d:/Program Files/texlive/2025/texmf-dist/tex/latex/pdflscape/pdflscape.sty
Package: pdflscape 2022-10-27 v0.13 Display of landscape pages in PDF
 (d:/Program Files/texlive/2025/texmf-dist/tex/latex/pdflscape/pdflscape-nometadata.sty
Package: pdflscape-nometadata 2022-10-28 v0.13 Display of landscape pages in PDF (HO)
 (d:/Program Files/texlive/2025/texmf-dist/tex/latex/graphics/lscape.sty
Package: lscape 2020/05/28 v3.02 Landscape Pages (DPC)
)
Package pdflscape Info: Auto-detected driver: dvipdfm (xetex) on input line 98.
))
Package biblatex Info: Trying to load language 'english'...
Package biblatex Info: ... file 'english.lbx' found.
 (d:/Program Files/texlive/2025/texmf-dist/tex/latex/biblatex/lbx/english.lbx
File: english.lbx 2024/03/21 v3.20 biblatex localization (PK/MW)
)
Package biblatex Info: XeTeX detected.
(biblatex)             Assuming input encoding 'utf8'.
Package biblatex Info: Automatic encoding selection.
(biblatex)             Assuming data encoding 'utf8'.
\openout3 = `main.bcf'.

Package biblatex Info: Trying to load bibliographic data...
Package biblatex Info: ... file 'main.bbl' found.
 (./main.bbl)
Package biblatex Info: Reference section=0 on input line 5.
Package biblatex Info: Reference segment=0 on input line 5.
\openout2 = `front/abstract_zh.aux'.

 (./front/abstract_zh.tex

Package fontspec Info: 
(fontspec)             Could not resolve font "SimHei/BI" (it probably doesn't
(fontspec)             exist).


Package fontspec Info: 
(fontspec)             Could not resolve font "SimHei/B" (it probably doesn't
(fontspec)             exist).


Package fontspec Info: 
(fontspec)             Could not resolve font "SimHei/I" (it probably doesn't
(fontspec)             exist).


Package fontspec Info: 
(fontspec)             Font family 'SimHei(0)' created for font 'SimHei' with
(fontspec)             options [Script={CJK}].
(fontspec)              
(fontspec)              This font family consists of the following NFSS
(fontspec)             series/shapes:
(fontspec)              
(fontspec)             - 'normal' (m/n) with NFSS spec.:
(fontspec)             <->"SimHei/OT:script=hani;language=dflt;"



LaTeX Font Warning: Font shape `TU/SimHei(0)/b/n' undefined
(Font)              using `TU/SimHei(0)/m/n' instead on input line 1.

)

[1




]
\openout2 = `front/abstract_en.aux'.

 (./front/abstract_en.tex)

[2




] (./main.toc

Package fontspec Info: 
(fontspec)             Could not resolve font "FangSong/BI" (it probably
(fontspec)             doesn't exist).


Package fontspec Info: 
(fontspec)             Could not resolve font "FangSong/B" (it probably
(fontspec)             doesn't exist).


Package fontspec Info: 
(fontspec)             Could not resolve font "FangSong/I" (it probably
(fontspec)             doesn't exist).


Package fontspec Info: 
(fontspec)             Font family 'FangSong(0)' created for font 'FangSong'
(fontspec)             with options [Script={CJK}].
(fontspec)              
(fontspec)              This font family consists of the following NFSS
(fontspec)             series/shapes:
(fontspec)              
(fontspec)             - 'normal' (m/n) with NFSS spec.:
(fontspec)             <->"FangSong/OT:script=hani;language=dflt;"



[3



])
\tf@toc=\write4
\openout4 = `main.toc'.



[4]
\openout2 = `chapters/introduction.aux'.

 (./chapters/introduction.tex
第1章
)

[1



]
\openout2 = `chapters/ch1.aux'.

 (./chapters/ch1.tex
第2章
LaTeX Font Info:    Font shape `TU/lmtt/bx/n' in size <14.05249> not available
(Font)              Font shape `TU/lmtt/b/n' tried instead on input line 16.
LaTeX Font Info:    Trying to load font information for U+msa on input line 20.
(d:/Program Files/texlive/2025/texmf-dist/tex/latex/amsfonts/umsa.fd
File: umsa.fd 2013/01/14 v3.01 AMS symbols A
)
LaTeX Font Info:    Trying to load font information for U+msb on input line 20.
 (d:/Program Files/texlive/2025/texmf-dist/tex/latex/amsfonts/umsb.fd
File: umsb.fd 2013/01/14 v3.01 AMS symbols B
)
File: example-image-a.pdf Graphic file (type pdf)
<use example-image-a.pdf>


[2




]
File: example-image-a.pdf Graphic file (type pdf)
<use example-image-a.pdf>
File: example-image-b.pdf Graphic file (type pdf)
<use example-image-b.pdf>


[3] [4]

LaTeX Font Warning: Font shape `TU/SimSun(1)/b/n' undefined
(Font)              using `TU/SimSun(1)/m/n' instead on input line 169.


Underfull \hbox (badness 1281) in paragraph at lines 183--184
[]|\TU/SimSun(1)/m/n/10.53937 可 改 为 加 权
 []



[5]

LaTeX Font Warning: Font shape `TU/SimSun(1)/m/it' undefined
(Font)              using `TU/SimSun(1)/m/n' instead on input line 220.



[6]

[7] (d:/Program Files/texlive/2025/texmf-dist/tex/latex/listings/lstlang1.sty
File: lstlang1.sty 2024/09/23 1.10c listings language file
)
Package hyperref Info: bookmark level for unknown lstlisting defaults to 0 on input line 355.


[8])

[9]
\openout2 = `chapters/ch2.aux'.

 (./chapters/ch2.tex
第3章
)

[10




]
\openout2 = `chapters/ch3.aux'.

 (./chapters/ch3.tex
第4章
)

[11




]
\openout2 = `chapters/ch4.aux'.

 (./chapters/ch4.tex
第5章
)

[12




]
\openout2 = `chapters/ch5.aux'.

 (./chapters/ch5.tex
第6章
)

[13




]
\openout2 = `chapters/conclusion.aux'.

 (./chapters/conclusion.tex

Package hyperref Warning: Token not allowed in a PDF string (Unicode):
(hyperref)                \hskip 12.045pt
(hyperref)                replaced by space on input line 1.

)

[14





]
\openout2 = `front/acknowledgement.aux'.

 (./front/acknowledgement.tex

Package hyperref Warning: Token not allowed in a PDF string (Unicode):
(hyperref)                \hskip 12.045pt
(hyperref)                replaced by space on input line 1.

)

[15




]

[16



]
\openout2 = `appendix/appendixA.aux'.

 (./appendix/appendixA.tex

Package hyperref Warning: Token not allowed in a PDF string (Unicode):
(hyperref)                \hskip 12.045pt
(hyperref)                replaced by space on input line 1.

(d:/Program Files/texlive/2025/texmf-dist/tex/latex/listings/lstlang1.sty
File: lstlang1.sty 2024/09/23 1.10c listings language file
))

[17


]
\openout2 = `appendix/appendixB.aux'.

 (./appendix/appendixB.tex

Package hyperref Warning: Token not allowed in a PDF string (Unicode):
(hyperref)                \hskip 12.045pt
(hyperref)                replaced by space on input line 1.



[18




])

[19]
\openout2 = `appendix/appendixC.aux'.

 (./appendix/appendixC.tex
File: appendix/LaTex基础.pdf Graphic file (type pdf)
<use appendix/LaTex基础.pdf>
File: appendix/LaTex基础.pdf Graphic file (type pdf)
<use appendix/LaTex基础.pdf, page 1>
File: appendix/LaTex基础.pdf Graphic file (type pdf)
<use appendix/LaTex基础.pdf, page 1>
File: appendix/LaTex基础.pdf Graphic file (type pdf)
<use appendix/LaTex基础.pdf, page 1>
File: appendix/LaTex基础.pdf Graphic file (type pdf)
<use appendix/LaTex基础.pdf, page 1>


Package hyperref Warning: Token not allowed in a PDF string (Unicode):
(hyperref)                removing `\zihao' on input line 21.


Package hyperref Warning: Token not allowed in a PDF string (Unicode):
(hyperref)                removing `\heiti' on input line 21.


Package hyperref Warning: Token not allowed in a PDF string (Unicode):
(hyperref)                removing `\<def>-command' on input line 21.


Package hyperref Warning: Token not allowed in a PDF string (Unicode):
(hyperref)                removing `\rmdef@ult' on input line 21.


Package hyperref Warning: Token not allowed in a PDF string (Unicode):
(hyperref)                removing `\<def>-command' on input line 21.


Package hyperref Warning: Token not allowed in a PDF string (Unicode):
(hyperref)                removing `\sfdef@ult' on input line 21.


Package hyperref Warning: Token not allowed in a PDF string (Unicode):
(hyperref)                removing `\<def>-command' on input line 21.


Package hyperref Warning: Token not allowed in a PDF string (Unicode):
(hyperref)                removing `\ttdef@ult' on input line 21.


Package hyperref Warning: Token not allowed in a PDF string (Unicode):
(hyperref)                removing `\<def>-command' on input line 21.


Package hyperref Warning: Token not allowed in a PDF string (Unicode):
(hyperref)                removing `\in@@' on input line 21.


Package hyperref Warning: Token not allowed in a PDF string (Unicode):
(hyperref)                removing `\series@check@toks' on input line 21.


Package hyperref Warning: Token not allowed in a PDF string (Unicode):
(hyperref)                removing `\<def>-command' on input line 21.


Package hyperref Warning: Token not allowed in a PDF string (Unicode):
(hyperref)                removing `\in@@' on input line 21.


Package hyperref Warning: Token not allowed in a PDF string (Unicode):
(hyperref)                removing `\<def>-command' on input line 21.


Package hyperref Warning: Token not allowed in a PDF string (Unicode):
(hyperref)                removing `\bfdef@ult' on input line 21.


Package hyperref Warning: Token not allowed in a PDF string (Unicode):
(hyperref)                removing `\<def>-command' on input line 21.


Package hyperref Warning: Token not allowed in a PDF string (Unicode):
(hyperref)                removing `\in@@' on input line 21.


Package hyperref Warning: Token not allowed in a PDF string (Unicode):
(hyperref)                removing `\series@check@toks' on input line 21.


Package hyperref Warning: Token not allowed in a PDF string (Unicode):
(hyperref)                removing `\<def>-command' on input line 21.


Package hyperref Warning: Token not allowed in a PDF string (Unicode):
(hyperref)                removing `\in@@' on input line 21.


Package hyperref Warning: Token not allowed in a PDF string (Unicode):
(hyperref)                removing `\<def>-command' on input line 21.


Package hyperref Warning: Token not allowed in a PDF string (Unicode):
(hyperref)                removing `\mddef@ult' on input line 21.


Package hyperref Warning: Token not allowed in a PDF string (Unicode):
(hyperref)                \hskip 12.045pt
(hyperref)                replaced by space on input line 21.



File: appendix/LaTex基础.pdf Graphic file (type pdf)
<use appendix/LaTex基础.pdf, page 1>
[20




]
File: appendix/LaTex基础.pdf Graphic file (type pdf)
<use appendix/LaTex基础.pdf>
File: appendix/LaTex基础.pdf Graphic file (type pdf)
<use appendix/LaTex基础.pdf, page 2>
File: appendix/LaTex基础.pdf Graphic file (type pdf)
<use appendix/LaTex基础.pdf, page 2>
File: appendix/LaTex基础.pdf Graphic file (type pdf)
<use appendix/LaTex基础.pdf, page 2>
File: appendix/LaTex基础.pdf Graphic file (type pdf)
<use appendix/LaTex基础.pdf, page 2>


File: appendix/LaTex基础.pdf Graphic file (type pdf)
<use appendix/LaTex基础.pdf, page 2>
[21

]
File: appendix/LaTex基础.pdf Graphic file (type pdf)
<use appendix/LaTex基础.pdf, page 3>
File: appendix/LaTex基础.pdf Graphic file (type pdf)
<use appendix/LaTex基础.pdf, page 3>


File: appendix/LaTex基础.pdf Graphic file (type pdf)
<use appendix/LaTex基础.pdf, page 3>
[22

]
File: appendix/LaTex基础.pdf Graphic file (type pdf)
<use appendix/LaTex基础.pdf, page 4>
File: appendix/LaTex基础.pdf Graphic file (type pdf)
<use appendix/LaTex基础.pdf, page 4>


File: appendix/LaTex基础.pdf Graphic file (type pdf)
<use appendix/LaTex基础.pdf, page 4>
[23

]
File: appendix/LaTex基础.pdf Graphic file (type pdf)
<use appendix/LaTex基础.pdf, page 5>
File: appendix/LaTex基础.pdf Graphic file (type pdf)
<use appendix/LaTex基础.pdf, page 5>


File: appendix/LaTex基础.pdf Graphic file (type pdf)
<use appendix/LaTex基础.pdf, page 5>
[24

]
File: appendix/LaTex基础.pdf Graphic file (type pdf)
<use appendix/LaTex基础.pdf, page 6>
File: appendix/LaTex基础.pdf Graphic file (type pdf)
<use appendix/LaTex基础.pdf, page 6>


File: appendix/LaTex基础.pdf Graphic file (type pdf)
<use appendix/LaTex基础.pdf, page 6>
[25

]
File: appendix/LaTex基础.pdf Graphic file (type pdf)
<use appendix/LaTex基础.pdf, page 7>
File: appendix/LaTex基础.pdf Graphic file (type pdf)
<use appendix/LaTex基础.pdf, page 7>


File: appendix/LaTex基础.pdf Graphic file (type pdf)
<use appendix/LaTex基础.pdf, page 7>
[26

]
File: appendix/LaTex基础.pdf Graphic file (type pdf)
<use appendix/LaTex基础.pdf, page 8>
File: appendix/LaTex基础.pdf Graphic file (type pdf)
<use appendix/LaTex基础.pdf, page 8>


File: appendix/LaTex基础.pdf Graphic file (type pdf)
<use appendix/LaTex基础.pdf, page 8>
[27

]
File: appendix/LaTex基础.pdf Graphic file (type pdf)
<use appendix/LaTex基础.pdf, page 9>
File: appendix/LaTex基础.pdf Graphic file (type pdf)
<use appendix/LaTex基础.pdf, page 9>


File: appendix/LaTex基础.pdf Graphic file (type pdf)
<use appendix/LaTex基础.pdf, page 9>
[28

]
File: appendix/LaTex基础.pdf Graphic file (type pdf)
<use appendix/LaTex基础.pdf, page 10>
File: appendix/LaTex基础.pdf Graphic file (type pdf)
<use appendix/LaTex基础.pdf, page 10>


File: appendix/LaTex基础.pdf Graphic file (type pdf)
<use appendix/LaTex基础.pdf, page 10>
[29

]) (./main.aux (./front/abstract_zh.aux) (./front/abstract_en.aux) (./chapters/introduction.aux) (./chapters/ch1.aux) (./chapters/ch2.aux) (./chapters/ch3.aux) (./chapters/ch4.aux) (./chapters/ch5.aux) (./chapters/conclusion.aux) (./front/acknowledgement.aux) (./appendix/appendixA.aux) (./appendix/appendixB.aux) (./appendix/appendixC.aux))
 ***********
LaTeX2e <2024-11-01> patch level 2
L3 programming layer <2022/08/05>
 ***********


LaTeX Font Warning: Some font shapes were not available, defaults substituted.

Package logreq Info: Writing requests to 'main.run.xml'.
\openout1 = `main.run.xml'.

 ) 
Here is how much of TeX's memory you used:
 35486 strings out of 473832
 746388 string characters out of 5726731
 1751767 words of memory out of 5000000
 57959 multiletter control sequences out of 15000+600000
 574396 words of font info for 156 fonts, out of 8000000 for 9000
 1348 hyphenation exceptions out of 8191
 107i,17n,125p,3257b,5180s stack positions out of 10000i,1000n,20000p,200000b,200000s

Output written on main.pdf (33 pages).
